<?xml version="1.0" encoding="UTF-8"?><testsuite errors="1" failures="0" name="com.evozon.features.search.AddressBookTest" skipped="0" tests="1" time="40.4" timestamp="2021-08-03 11:05:03"><testcase classname="com.evozon.features.search.AddressBookTest" name="Add new address"><error message="Timed out after 2 seconds. Element not found&#10;For documentation on this error, please visit: https://www.seleniumhq.org/exceptions/no_such_element.html&#10;Build info: version: '3.141.59', revision: 'e82be7d358', time: '2018-11-14T08:17:03'&#10;System info: host: 'DESKTOP-TH178U3', ip: '172.22.201.194', os.name: 'Windows 10', os.arch: 'amd64', os.version: '10.0', java.version: '11.0.9.1'&#10;Driver info: driver.version: unknown" type="org.openqa.selenium.NoSuchElementException">Timed out after 2 seconds. Element not found
For documentation on this error, please visit: https://www.seleniumhq.org/exceptions/no_such_element.html
Build info: version: '3.141.59', revision: 'e82be7d358', time: '2018-11-14T08:17:03'
System info: host: 'DESKTOP-TH178U3', ip: '172.22.201.194', os.name: 'Windows 10', os.arch: 'amd64', os.version: '10.0', java.version: '11.0.9.1'
Driver info: driver.version: unknown</error><system-err>Timed out after 2 seconds. Element not found
For documentation on this error, please visit: https://www.seleniumhq.org/exceptions/no_such_element.html
Build info: version: '3.141.59', revision: 'e82be7d358', time: '2018-11-14T08:17:03'
System info: host: 'DESKTOP-TH178U3', ip: '172.22.201.194', os.name: 'Windows 10', os.arch: 'amd64', os.version: '10.0', java.version: '11.0.9.1'
Driver info: driver.version: unknown&#13;
com.evozon.pages.AddressBookPage.isAddressBookSavedAsBillingAddress(AddressBookPage.java:83)&#13;
com.evozon.steps.serenity.AddressBookSteps.verifySavedAddressInAddressBook(AddressBookSteps.java:54)&#13;
com.evozon.features.search.AddressBookTest.addNewAddress(AddressBookTest.java:18)&#13;
</system-err></testcase></testsuite>